<?xml version="1.0" encoding="UTF-8"?>
<testsuites name="Users Page" time="161.508" tests="5" failures="0" errors="0">
   <testsuite name="Users Page" tests="5" failures="0" errors="0" time="161.508" skipped="0" timestamp="2022-05-30 17:50:24" hostname="thanh - desktop-linux-thanhduong" id="Test Suites/Users Page">
      <properties>
         <property name="deviceName" value=""/>
         <property name="devicePlatform" value=""/>
         <property name="logFolder" value="/home/thanh/git/Katalon/KatalonDemo/Reports/20220530_175022/Users Page/20220530_175023"/>
         <property name="logFiles" value="/home/thanh/git/Katalon/KatalonDemo/Reports/20220530_175022/Users Page/20220530_175023/execution0.log"/>
         <property name="attachments" value=""/>
         <property name="hostName" value="thanh - desktop-linux-thanhduong"/>
         <property name="os" value="Linux 64bit"/>
         <property name="katalonVersion" value="8.3.5.208"/>
         <property name="browser" value="Chrome 101.0.4951.64"/>
         <property name="hostAddress" value="192.168.10.133"/>
         <property name="sessionId" value="6cfdd3251290029b9b9c1feacf5ddd23"/>
         <property name="seleniumVersion" value="3.141.59"/>
         <property name="proxyInformation" value="ProxyInformation { proxyOption=NO_PROXY, proxyServerType=HTTP, username=, password=********, proxyServerAddress=, proxyServerPort=0, executionList=&quot;&quot;, isApplyToDesiredCapabilities=true }"/>
         <property name="platform" value="Linux"/>
      </properties>
      <testcase name="Test Cases/Olivia_Dynamic/Users Feed/TC001 - Add new user with any role" time="36.631" classname="Test Cases/Olivia_Dynamic/Users Feed/TC001 - Add new user with any role" status="PASSED">
         <system-out><![CDATA[2022-05-30 17:50:25 - [TEST_CASE][PASSED] - Test Cases/Olivia_Dynamic/Users Feed/TC001 - Add new user with any role: Test Cases/Olivia_Dynamic/Users Feed/TC001 - Add new user with any role

2022-05-30 17:50:25 - [TEST_STEP][PASSED] - callTestCase(findTestCase("Olivia_Default/Login"), [:], STOP_ON_FAILURE): Call Test Case 'Test Cases/Olivia_Default/Login' successfully

2022-05-30 17:50:25 - [TEST_CASE][PASSED] - Test Cases/Olivia_Default/Login: Test Cases/Olivia_Default/Login

2022-05-30 17:50:25 - [TEST_STEP][PASSED] - openBrowser(""): Browser is opened with url: ''

2022-05-30 17:50:25 - [MESSAGE][INFO] - Starting 'Chrome' driver

2022-05-30 17:50:25 - [MESSAGE][INFO] - Action delay is set to 0 milliseconds

2022-05-30 17:50:25 - [MESSAGE][PASSED] - Browser is opened with url: ''

2022-05-30 17:50:25 - [TEST_STEP][PASSED] - maximizeWindow(): Current window maximized

2022-05-30 17:50:26 - [MESSAGE][PASSED] - Current window maximized

2022-05-30 17:50:26 - [TEST_STEP][PASSED] - navigateToUrl("https://olivia.paradox.ai/login"): Navigate to 'https://olivia.paradox.ai/login' successfully

2022-05-30 17:50:27 - [MESSAGE][PASSED] - Navigate to 'https://olivia.paradox.ai/login' successfully

2022-05-30 17:50:27 - [TEST_STEP][PASSED] - click(findTestObject("Object Repository/Olivia_Default_ObjectPage/Page_Olivia By Paradox - CEM/i_Paradox_el-dialog__close el-icon el-icon-close")): Object: 'Object Repository/Olivia_Default_ObjectPage/Page_Olivia By Paradox - CEM/i_Paradox_el-dialog__close el-icon el-icon-close' is clicked on

2022-05-30 17:50:28 - [MESSAGE][PASSED] - Object: 'Object Repository/Olivia_Default_ObjectPage/Page_Olivia By Paradox - CEM/i_Paradox_el-dialog__close el-icon el-icon-close' is clicked on

2022-05-30 17:50:28 - [TEST_STEP][PASSED] - setText(findTestObject("Object Repository/Olivia_Default_ObjectPage/Page_Login/input_Phone number, email, or Employee ID_l_2fc3e1"), "thanh.duong+automation@paradox.ai"): Text 'thanh.duong+automation@paradox.ai' is set on object 'Object Repository/Olivia_Default_ObjectPage/Page_Login/input_Phone number, email, or Employee ID_l_2fc3e1'

2022-05-30 17:50:29 - [MESSAGE][PASSED] - Text 'thanh.duong+automation@paradox.ai' is set on object 'Object Repository/Olivia_Default_ObjectPage/Page_Login/input_Phone number, email, or Employee ID_l_2fc3e1'

2022-05-30 17:50:29 - [TEST_STEP][PASSED] - click(findTestObject("Object Repository/Olivia_Default_ObjectPage/Page_Login/button_Next")): Object: 'Object Repository/Olivia_Default_ObjectPage/Page_Login/button_Next' is clicked on

2022-05-30 17:50:29 - [MESSAGE][PASSED] - Object: 'Object Repository/Olivia_Default_ObjectPage/Page_Login/button_Next' is clicked on

2022-05-30 17:50:29 - [TEST_STEP][PASSED] - setEncryptedText(findTestObject("Object Repository/Olivia_Default_ObjectPage/Page_Login/input_Enter Password_el-input__inner"), "4nvbrPglk7k="): Text ****** has been set on object 'Object Repository/Olivia_Default_ObjectPage/Page_Login/input_Enter Password_el-input__inner'

2022-05-30 17:50:30 - [MESSAGE][PASSED] - Text ****** has been set on object 'Object Repository/Olivia_Default_ObjectPage/Page_Login/input_Enter Password_el-input__inner'

2022-05-30 17:50:30 - [TEST_STEP][PASSED] - click(findTestObject("Object Repository/Olivia_Default_ObjectPage/Page_Login/button_Sign in")): Object: 'Object Repository/Olivia_Default_ObjectPage/Page_Login/button_Sign in' is clicked on

2022-05-30 17:50:31 - [MESSAGE][PASSED] - Object: 'Object Repository/Olivia_Default_ObjectPage/Page_Login/button_Sign in' is clicked on

2022-05-30 17:50:31 - [MESSAGE][PASSED] - Call Test Case 'Test Cases/Olivia_Default/Login' successfully

2022-05-30 17:50:31 - [TEST_STEP][PASSED] - click(findTestObject("Object Repository/Olivia_Default_ObjectPage/Page_Inbox  Candidate Experience Manager/div_Menu")): Object: 'Object Repository/Olivia_Default_ObjectPage/Page_Inbox  Candidate Experience Manager/div_Menu' is clicked on

2022-05-30 17:50:35 - [MESSAGE][PASSED] - Object: 'Object Repository/Olivia_Default_ObjectPage/Page_Inbox  Candidate Experience Manager/div_Menu' is clicked on

2022-05-30 17:50:35 - [TEST_STEP][PASSED] - click(findTestObject("Object Repository/Olivia_Default_ObjectPage/Page_Inbox  Candidate Experience Manager/i_Menu_icon icon-settings")): Object: 'Object Repository/Olivia_Default_ObjectPage/Page_Inbox  Candidate Experience Manager/i_Menu_icon icon-settings' is clicked on

2022-05-30 17:50:36 - [MESSAGE][PASSED] - Object: 'Object Repository/Olivia_Default_ObjectPage/Page_Inbox  Candidate Experience Manager/i_Menu_icon icon-settings' is clicked on

2022-05-30 17:50:36 - [TEST_STEP][PASSED] - click(findTestObject("Object Repository/Olivia_Default_ObjectPage/Page_Inbox  Candidate Experience Manager/div_Users")): Object: 'Object Repository/Olivia_Default_ObjectPage/Page_Inbox  Candidate Experience Manager/div_Users' is clicked on

2022-05-30 17:50:39 - [MESSAGE][PASSED] - Object: 'Object Repository/Olivia_Default_ObjectPage/Page_Inbox  Candidate Experience Manager/div_Users' is clicked on

2022-05-30 17:50:39 - [TEST_STEP][PASSED] - click(findTestObject("Object Repository/Olivia_Default_ObjectPage/Page_Users  Candidate Experience Manager/i_Users_icon-plus")): Object: 'Object Repository/Olivia_Default_ObjectPage/Page_Users  Candidate Experience Manager/i_Users_icon-plus' is clicked on

2022-05-30 17:50:41 - [MESSAGE][PASSED] - Object: 'Object Repository/Olivia_Default_ObjectPage/Page_Users  Candidate Experience Manager/i_Users_icon-plus' is clicked on

2022-05-30 17:50:41 - [TEST_STEP][PASSED] - click(findTestObject("Object Repository/Olivia_Default_ObjectPage/Page_Users  Candidate Experience Manager/strong_Full User")): Object: 'Object Repository/Olivia_Default_ObjectPage/Page_Users  Candidate Experience Manager/strong_Full User' is clicked on

2022-05-30 17:50:42 - [MESSAGE][PASSED] - Object: 'Object Repository/Olivia_Default_ObjectPage/Page_Users  Candidate Experience Manager/strong_Full User' is clicked on

2022-05-30 17:50:42 - [TEST_STEP][PASSED] - click(findTestObject("Object Repository/Olivia_Default_ObjectPage/Page_Users  Candidate Experience Manager/button_Continue")): Object: 'Object Repository/Olivia_Default_ObjectPage/Page_Users  Candidate Experience Manager/button_Continue' is clicked on

2022-05-30 17:50:42 - [MESSAGE][PASSED] - Object: 'Object Repository/Olivia_Default_ObjectPage/Page_Users  Candidate Experience Manager/button_Continue' is clicked on

2022-05-30 17:50:42 - [TEST_STEP][PASSED] - selectOptionByValue(findTestObject("Object Repository/Olivia_Default_ObjectPage/Page_Users  Candidate Experience Manager/select_Company Admin  Full User - Edit Ever_daeaff"), role, true): All options with value '99' are selected in object 'Object Repository/Olivia_Default_ObjectPage/Page_Users  Candidate Experience Manager/select_Company Admin  Full User - Edit Ever_daeaff'  using regular expression

2022-05-30 17:50:45 - [MESSAGE][PASSED] - All options with value '99' are selected in object 'Object Repository/Olivia_Default_ObjectPage/Page_Users  Candidate Experience Manager/select_Company Admin  Full User - Edit Ever_daeaff'  using regular expression

2022-05-30 17:50:45 - [TEST_STEP][PASSED] - if (waitForElementVisible(findTestObject("Olivia_Default_ObjectPage/Page_Users  Candidate Experience Manager/input_Job title_job_title"), 3)): Object 'Object Repository/Olivia_Default_ObjectPage/Page_Users  Candidate Experience Manager/input_Job title_job_title' is not visible after 3 second(s)

2022-05-30 17:50:49 - [MESSAGE][WARNING] - Object 'Object Repository/Olivia_Default_ObjectPage/Page_Users  Candidate Experience Manager/input_Job title_job_title' is not visible after 3 second(s)

2022-05-30 17:50:49 - [TEST_STEP][PASSED] - setText(findTestObject("Object Repository/Olivia_Default_ObjectPage/Page_Users  Candidate Experience Manager/input_First name_fname"), firstname): Text 'ThanhAutomation' is set on object 'Object Repository/Olivia_Default_ObjectPage/Page_Users  Candidate Experience Manager/input_First name_fname'

2022-05-30 17:50:49 - [MESSAGE][PASSED] - Text 'ThanhAutomation' is set on object 'Object Repository/Olivia_Default_ObjectPage/Page_Users  Candidate Experience Manager/input_First name_fname'

2022-05-30 17:50:49 - [TEST_STEP][PASSED] - setText(findTestObject("Object Repository/Olivia_Default_ObjectPage/Page_Users  Candidate Experience Manager/input_Last name_lname"), lastname): Text '014' is set on object 'Object Repository/Olivia_Default_ObjectPage/Page_Users  Candidate Experience Manager/input_Last name_lname'

2022-05-30 17:50:50 - [MESSAGE][PASSED] - Text '014' is set on object 'Object Repository/Olivia_Default_ObjectPage/Page_Users  Candidate Experience Manager/input_Last name_lname'

2022-05-30 17:50:50 - [TEST_STEP][PASSED] - setText(findTestObject("Object Repository/Olivia_Default_ObjectPage/Page_Users  Candidate Experience Manager/input_Email_email"), email): Text 'thanh.duong+ThanhAutomation014@paradox.ai' is set on object 'Object Repository/Olivia_Default_ObjectPage/Page_Users  Candidate Experience Manager/input_Email_email'

2022-05-30 17:50:50 - [MESSAGE][PASSED] - Text 'thanh.duong+ThanhAutomation014@paradox.ai' is set on object 'Object Repository/Olivia_Default_ObjectPage/Page_Users  Candidate Experience Manager/input_Email_email'

2022-05-30 17:50:50 - [TEST_STEP][PASSED] - selectOptionByValue(findTestObject("Object Repository/Olivia_Default_ObjectPage/Page_Users  Candidate Experience Manager/select_Select a country  United States  Can_7bdac2"), country, true): All options with value 'US' are selected in object 'Object Repository/Olivia_Default_ObjectPage/Page_Users  Candidate Experience Manager/select_Select a country  United States  Can_7bdac2'  using regular expression

2022-05-30 17:50:52 - [MESSAGE][PASSED] - All options with value 'US' are selected in object 'Object Repository/Olivia_Default_ObjectPage/Page_Users  Candidate Experience Manager/select_Select a country  United States  Can_7bdac2'  using regular expression

2022-05-30 17:50:52 - [TEST_STEP][PASSED] - click(findTestObject("Object Repository/Olivia_Default_ObjectPage/Page_Users  Candidate Experience Manager/button_Save")): Object: 'Object Repository/Olivia_Default_ObjectPage/Page_Users  Candidate Experience Manager/button_Save' is clicked on

2022-05-30 17:50:52 - [MESSAGE][PASSED] - Object: 'Object Repository/Olivia_Default_ObjectPage/Page_Users  Candidate Experience Manager/button_Save' is clicked on

2022-05-30 17:50:52 - [TEST_STEP][PASSED] - verifyElementText(findTestObject("Object Repository/Olivia_Default_ObjectPage/Page_Users  Candidate Experience Manager/strong_Selected card"), fullname): Actual text and expected text of test object 'Object Repository/Olivia_Default_ObjectPage/Page_Users  Candidate Experience Manager/strong_Selected card' are matched.

2022-05-30 17:50:59 - [MESSAGE][PASSED] - Actual text and expected text of test object 'Object Repository/Olivia_Default_ObjectPage/Page_Users  Candidate Experience Manager/strong_Selected card' are matched.

2022-05-30 17:50:59 - [TEST_STEP][PASSED] - verifyOptionSelectedByValue(findTestObject("Object Repository/Olivia_Default_ObjectPage/Page_Users  Candidate Experience Manager/select_Company Admin  Full User - Edit Ever_daeaff"), role, true, 10): All options with value '99' are selected in object 'Object Repository/Olivia_Default_ObjectPage/Page_Users  Candidate Experience Manager/select_Company Admin  Full User - Edit Ever_daeaff'  using regular expression

2022-05-30 17:51:00 - [MESSAGE][PASSED] - All options with value '99' are selected in object 'Object Repository/Olivia_Default_ObjectPage/Page_Users  Candidate Experience Manager/select_Company Admin  Full User - Edit Ever_daeaff'  using regular expression

2022-05-30 17:51:00 - [TEST_STEP][PASSED] - verifyElementAttributeValue(findTestObject("Object Repository/Olivia_Default_ObjectPage/Page_Users  Candidate Experience Manager/input_First name_fname"), "value", firstname, 0): Object 'Object Repository/Olivia_Default_ObjectPage/Page_Users  Candidate Experience Manager/input_First name_fname' has attribute 'value' with value 'ThanhAutomation'

2022-05-30 17:51:00 - [MESSAGE][WARNING] - Timeout '0' is invalid. Using default page load timeout: '30'

2022-05-30 17:51:00 - [MESSAGE][PASSED] - Object 'Object Repository/Olivia_Default_ObjectPage/Page_Users  Candidate Experience Manager/input_First name_fname' has attribute 'value' with value 'ThanhAutomation'

2022-05-30 17:51:00 - [TEST_STEP][PASSED] - verifyElementAttributeValue(findTestObject("Object Repository/Olivia_Default_ObjectPage/Page_Users  Candidate Experience Manager/input_Last name_lname"), "value", lastname, 0): Object 'Object Repository/Olivia_Default_ObjectPage/Page_Users  Candidate Experience Manager/input_Last name_lname' has attribute 'value' with value '014'

2022-05-30 17:51:00 - [MESSAGE][WARNING] - Timeout '0' is invalid. Using default page load timeout: '30'

2022-05-30 17:51:00 - [MESSAGE][PASSED] - Object 'Object Repository/Olivia_Default_ObjectPage/Page_Users  Candidate Experience Manager/input_Last name_lname' has attribute 'value' with value '014'

2022-05-30 17:51:00 - [TEST_STEP][PASSED] - callTestCase(findTestCase("Olivia_Default/Delete User"), [:], STOP_ON_FAILURE): Call Test Case 'Test Cases/Olivia_Default/Delete User' successfully

2022-05-30 17:51:00 - [TEST_CASE][PASSED] - Test Cases/Olivia_Default/Delete User: Test Cases/Olivia_Default/Delete User

2022-05-30 17:51:00 - [TEST_STEP][PASSED] - click(findTestObject("Object Repository/Olivia_Default_ObjectPage/Page_Users  Candidate Experience Manager/button_Delete user")): Object: 'Object Repository/Olivia_Default_ObjectPage/Page_Users  Candidate Experience Manager/button_Delete user' is clicked on

2022-05-30 17:51:00 - [MESSAGE][PASSED] - Object: 'Object Repository/Olivia_Default_ObjectPage/Page_Users  Candidate Experience Manager/button_Delete user' is clicked on

2022-05-30 17:51:00 - [TEST_STEP][PASSED] - click(findTestObject("Object Repository/Olivia_Default_ObjectPage/Page_Users  Candidate Experience Manager/button_Yes")): Object: 'Object Repository/Olivia_Default_ObjectPage/Page_Users  Candidate Experience Manager/button_Yes' is clicked on

2022-05-30 17:51:01 - [MESSAGE][PASSED] - Object: 'Object Repository/Olivia_Default_ObjectPage/Page_Users  Candidate Experience Manager/button_Yes' is clicked on

2022-05-30 17:51:01 - [MESSAGE][PASSED] - Call Test Case 'Test Cases/Olivia_Default/Delete User' successfully

2022-05-30 17:51:01 - [TEST_STEP][PASSED] - closeBrowser(): Browser is closed

2022-05-30 17:51:01 - [MESSAGE][PASSED] - Browser is closed]]></system-out>
         <system-err><![CDATA[]]></system-err>
      </testcase>
      <testcase name="Test Cases/Olivia_Dynamic/Users Feed/TC001 - Add new user with any role" time="32.311" classname="Test Cases/Olivia_Dynamic/Users Feed/TC001 - Add new user with any role" status="PASSED">
         <system-out><![CDATA[2022-05-30 17:51:01 - [TEST_CASE][PASSED] - Test Cases/Olivia_Dynamic/Users Feed/TC001 - Add new user with any role: Test Cases/Olivia_Dynamic/Users Feed/TC001 - Add new user with any role

2022-05-30 17:51:01 - [TEST_STEP][PASSED] - callTestCase(findTestCase("Olivia_Default/Login"), [:], STOP_ON_FAILURE): Call Test Case 'Test Cases/Olivia_Default/Login' successfully

2022-05-30 17:51:01 - [TEST_CASE][PASSED] - Test Cases/Olivia_Default/Login: Test Cases/Olivia_Default/Login

2022-05-30 17:51:01 - [TEST_STEP][PASSED] - openBrowser(""): Browser is opened with url: ''

2022-05-30 17:51:01 - [MESSAGE][INFO] - Starting 'Chrome' driver

2022-05-30 17:51:01 - [MESSAGE][INFO] - Action delay is set to 0 milliseconds

2022-05-30 17:51:02 - [MESSAGE][PASSED] - Browser is opened with url: ''

2022-05-30 17:51:02 - [TEST_STEP][PASSED] - maximizeWindow(): Current window maximized

2022-05-30 17:51:02 - [MESSAGE][PASSED] - Current window maximized

2022-05-30 17:51:02 - [TEST_STEP][PASSED] - navigateToUrl("https://olivia.paradox.ai/login"): Navigate to 'https://olivia.paradox.ai/login' successfully

2022-05-30 17:51:03 - [MESSAGE][PASSED] - Navigate to 'https://olivia.paradox.ai/login' successfully

2022-05-30 17:51:03 - [TEST_STEP][PASSED] - click(findTestObject("Object Repository/Olivia_Default_ObjectPage/Page_Olivia By Paradox - CEM/i_Paradox_el-dialog__close el-icon el-icon-close")): Object: 'Object Repository/Olivia_Default_ObjectPage/Page_Olivia By Paradox - CEM/i_Paradox_el-dialog__close el-icon el-icon-close' is clicked on

2022-05-30 17:51:04 - [MESSAGE][PASSED] - Object: 'Object Repository/Olivia_Default_ObjectPage/Page_Olivia By Paradox - CEM/i_Paradox_el-dialog__close el-icon el-icon-close' is clicked on

2022-05-30 17:51:04 - [TEST_STEP][PASSED] - setText(findTestObject("Object Repository/Olivia_Default_ObjectPage/Page_Login/input_Phone number, email, or Employee ID_l_2fc3e1"), "thanh.duong+automation@paradox.ai"): Text 'thanh.duong+automation@paradox.ai' is set on object 'Object Repository/Olivia_Default_ObjectPage/Page_Login/input_Phone number, email, or Employee ID_l_2fc3e1'

2022-05-30 17:51:05 - [MESSAGE][PASSED] - Text 'thanh.duong+automation@paradox.ai' is set on object 'Object Repository/Olivia_Default_ObjectPage/Page_Login/input_Phone number, email, or Employee ID_l_2fc3e1'

2022-05-30 17:51:05 - [TEST_STEP][PASSED] - click(findTestObject("Object Repository/Olivia_Default_ObjectPage/Page_Login/button_Next")): Object: 'Object Repository/Olivia_Default_ObjectPage/Page_Login/button_Next' is clicked on

2022-05-30 17:51:05 - [MESSAGE][PASSED] - Object: 'Object Repository/Olivia_Default_ObjectPage/Page_Login/button_Next' is clicked on

2022-05-30 17:51:05 - [TEST_STEP][PASSED] - setEncryptedText(findTestObject("Object Repository/Olivia_Default_ObjectPage/Page_Login/input_Enter Password_el-input__inner"), "4nvbrPglk7k="): Text ****** has been set on object 'Object Repository/Olivia_Default_ObjectPage/Page_Login/input_Enter Password_el-input__inner'

2022-05-30 17:51:07 - [MESSAGE][PASSED] - Text ****** has been set on object 'Object Repository/Olivia_Default_ObjectPage/Page_Login/input_Enter Password_el-input__inner'

2022-05-30 17:51:07 - [TEST_STEP][PASSED] - click(findTestObject("Object Repository/Olivia_Default_ObjectPage/Page_Login/button_Sign in")): Object: 'Object Repository/Olivia_Default_ObjectPage/Page_Login/button_Sign in' is clicked on

2022-05-30 17:51:07 - [MESSAGE][PASSED] - Object: 'Object Repository/Olivia_Default_ObjectPage/Page_Login/button_Sign in' is clicked on

2022-05-30 17:51:07 - [MESSAGE][PASSED] - Call Test Case 'Test Cases/Olivia_Default/Login' successfully

2022-05-30 17:51:07 - [TEST_STEP][PASSED] - click(findTestObject("Object Repository/Olivia_Default_ObjectPage/Page_Inbox  Candidate Experience Manager/div_Menu")): Object: 'Object Repository/Olivia_Default_ObjectPage/Page_Inbox  Candidate Experience Manager/div_Menu' is clicked on

2022-05-30 17:51:11 - [MESSAGE][PASSED] - Object: 'Object Repository/Olivia_Default_ObjectPage/Page_Inbox  Candidate Experience Manager/div_Menu' is clicked on

2022-05-30 17:51:11 - [TEST_STEP][PASSED] - click(findTestObject("Object Repository/Olivia_Default_ObjectPage/Page_Inbox  Candidate Experience Manager/i_Menu_icon icon-settings")): Object: 'Object Repository/Olivia_Default_ObjectPage/Page_Inbox  Candidate Experience Manager/i_Menu_icon icon-settings' is clicked on

2022-05-30 17:51:12 - [MESSAGE][PASSED] - Object: 'Object Repository/Olivia_Default_ObjectPage/Page_Inbox  Candidate Experience Manager/i_Menu_icon icon-settings' is clicked on

2022-05-30 17:51:12 - [TEST_STEP][PASSED] - click(findTestObject("Object Repository/Olivia_Default_ObjectPage/Page_Inbox  Candidate Experience Manager/div_Users")): Object: 'Object Repository/Olivia_Default_ObjectPage/Page_Inbox  Candidate Experience Manager/div_Users' is clicked on

2022-05-30 17:51:15 - [MESSAGE][PASSED] - Object: 'Object Repository/Olivia_Default_ObjectPage/Page_Inbox  Candidate Experience Manager/div_Users' is clicked on

2022-05-30 17:51:15 - [TEST_STEP][PASSED] - click(findTestObject("Object Repository/Olivia_Default_ObjectPage/Page_Users  Candidate Experience Manager/i_Users_icon-plus")): Object: 'Object Repository/Olivia_Default_ObjectPage/Page_Users  Candidate Experience Manager/i_Users_icon-plus' is clicked on

2022-05-30 17:51:17 - [MESSAGE][PASSED] - Object: 'Object Repository/Olivia_Default_ObjectPage/Page_Users  Candidate Experience Manager/i_Users_icon-plus' is clicked on

2022-05-30 17:51:17 - [TEST_STEP][PASSED] - click(findTestObject("Object Repository/Olivia_Default_ObjectPage/Page_Users  Candidate Experience Manager/strong_Full User")): Object: 'Object Repository/Olivia_Default_ObjectPage/Page_Users  Candidate Experience Manager/strong_Full User' is clicked on

2022-05-30 17:51:17 - [MESSAGE][PASSED] - Object: 'Object Repository/Olivia_Default_ObjectPage/Page_Users  Candidate Experience Manager/strong_Full User' is clicked on

2022-05-30 17:51:17 - [TEST_STEP][PASSED] - click(findTestObject("Object Repository/Olivia_Default_ObjectPage/Page_Users  Candidate Experience Manager/button_Continue")): Object: 'Object Repository/Olivia_Default_ObjectPage/Page_Users  Candidate Experience Manager/button_Continue' is clicked on

2022-05-30 17:51:18 - [MESSAGE][PASSED] - Object: 'Object Repository/Olivia_Default_ObjectPage/Page_Users  Candidate Experience Manager/button_Continue' is clicked on

2022-05-30 17:51:18 - [TEST_STEP][PASSED] - selectOptionByValue(findTestObject("Object Repository/Olivia_Default_ObjectPage/Page_Users  Candidate Experience Manager/select_Company Admin  Full User - Edit Ever_daeaff"), role, true): All options with value '0' are selected in object 'Object Repository/Olivia_Default_ObjectPage/Page_Users  Candidate Experience Manager/select_Company Admin  Full User - Edit Ever_daeaff'  using regular expression

2022-05-30 17:51:20 - [MESSAGE][PASSED] - All options with value '0' are selected in object 'Object Repository/Olivia_Default_ObjectPage/Page_Users  Candidate Experience Manager/select_Company Admin  Full User - Edit Ever_daeaff'  using regular expression

2022-05-30 17:51:20 - [TEST_STEP][PASSED] - if (waitForElementVisible(findTestObject("Olivia_Default_ObjectPage/Page_Users  Candidate Experience Manager/input_Job title_job_title"), 3)): null

2022-05-30 17:51:21 - [MESSAGE][PASSED] - Object 'Object Repository/Olivia_Default_ObjectPage/Page_Users  Candidate Experience Manager/input_Job title_job_title' is visible

2022-05-30 17:51:21 - [TEST_STEP][PASSED] - setText(findTestObject("Olivia_Default_ObjectPage/Page_Users  Candidate Experience Manager/input_Job title_job_title"), job_title): Text 'Automation' is set on object 'Object Repository/Olivia_Default_ObjectPage/Page_Users  Candidate Experience Manager/input_Job title_job_title'

2022-05-30 17:51:21 - [MESSAGE][PASSED] - Text 'Automation' is set on object 'Object Repository/Olivia_Default_ObjectPage/Page_Users  Candidate Experience Manager/input_Job title_job_title'

2022-05-30 17:51:21 - [TEST_STEP][PASSED] - setText(findTestObject("Object Repository/Olivia_Default_ObjectPage/Page_Users  Candidate Experience Manager/input_First name_fname"), firstname): Text 'ThanhAutomation' is set on object 'Object Repository/Olivia_Default_ObjectPage/Page_Users  Candidate Experience Manager/input_First name_fname'

2022-05-30 17:51:22 - [MESSAGE][PASSED] - Text 'ThanhAutomation' is set on object 'Object Repository/Olivia_Default_ObjectPage/Page_Users  Candidate Experience Manager/input_First name_fname'

2022-05-30 17:51:22 - [TEST_STEP][PASSED] - setText(findTestObject("Object Repository/Olivia_Default_ObjectPage/Page_Users  Candidate Experience Manager/input_Last name_lname"), lastname): Text '015' is set on object 'Object Repository/Olivia_Default_ObjectPage/Page_Users  Candidate Experience Manager/input_Last name_lname'

2022-05-30 17:51:22 - [MESSAGE][PASSED] - Text '015' is set on object 'Object Repository/Olivia_Default_ObjectPage/Page_Users  Candidate Experience Manager/input_Last name_lname'

2022-05-30 17:51:22 - [TEST_STEP][PASSED] - setText(findTestObject("Object Repository/Olivia_Default_ObjectPage/Page_Users  Candidate Experience Manager/input_Email_email"), email): Text 'thanh.duong+ThanhAutomation015@paradox.ai' is set on object 'Object Repository/Olivia_Default_ObjectPage/Page_Users  Candidate Experience Manager/input_Email_email'

2022-05-30 17:51:23 - [MESSAGE][PASSED] - Text 'thanh.duong+ThanhAutomation015@paradox.ai' is set on object 'Object Repository/Olivia_Default_ObjectPage/Page_Users  Candidate Experience Manager/input_Email_email'

2022-05-30 17:51:23 - [TEST_STEP][PASSED] - selectOptionByValue(findTestObject("Object Repository/Olivia_Default_ObjectPage/Page_Users  Candidate Experience Manager/select_Select a country  United States  Can_7bdac2"), country, true): All options with value 'US' are selected in object 'Object Repository/Olivia_Default_ObjectPage/Page_Users  Candidate Experience Manager/select_Select a country  United States  Can_7bdac2'  using regular expression

2022-05-30 17:51:24 - [MESSAGE][PASSED] - All options with value 'US' are selected in object 'Object Repository/Olivia_Default_ObjectPage/Page_Users  Candidate Experience Manager/select_Select a country  United States  Can_7bdac2'  using regular expression

2022-05-30 17:51:24 - [TEST_STEP][PASSED] - click(findTestObject("Object Repository/Olivia_Default_ObjectPage/Page_Users  Candidate Experience Manager/button_Save")): Object: 'Object Repository/Olivia_Default_ObjectPage/Page_Users  Candidate Experience Manager/button_Save' is clicked on

2022-05-30 17:51:24 - [MESSAGE][PASSED] - Object: 'Object Repository/Olivia_Default_ObjectPage/Page_Users  Candidate Experience Manager/button_Save' is clicked on

2022-05-30 17:51:24 - [TEST_STEP][PASSED] - verifyElementText(findTestObject("Object Repository/Olivia_Default_ObjectPage/Page_Users  Candidate Experience Manager/strong_Selected card"), fullname): Actual text and expected text of test object 'Object Repository/Olivia_Default_ObjectPage/Page_Users  Candidate Experience Manager/strong_Selected card' are matched.

2022-05-30 17:51:31 - [MESSAGE][PASSED] - Actual text and expected text of test object 'Object Repository/Olivia_Default_ObjectPage/Page_Users  Candidate Experience Manager/strong_Selected card' are matched.

2022-05-30 17:51:31 - [TEST_STEP][PASSED] - verifyOptionSelectedByValue(findTestObject("Object Repository/Olivia_Default_ObjectPage/Page_Users  Candidate Experience Manager/select_Company Admin  Full User - Edit Ever_daeaff"), role, true, 10): All options with value '0' are selected in object 'Object Repository/Olivia_Default_ObjectPage/Page_Users  Candidate Experience Manager/select_Company Admin  Full User - Edit Ever_daeaff'  using regular expression

2022-05-30 17:51:32 - [MESSAGE][PASSED] - All options with value '0' are selected in object 'Object Repository/Olivia_Default_ObjectPage/Page_Users  Candidate Experience Manager/select_Company Admin  Full User - Edit Ever_daeaff'  using regular expression

2022-05-30 17:51:32 - [TEST_STEP][PASSED] - verifyElementAttributeValue(findTestObject("Object Repository/Olivia_Default_ObjectPage/Page_Users  Candidate Experience Manager/input_First name_fname"), "value", firstname, 0): Object 'Object Repository/Olivia_Default_ObjectPage/Page_Users  Candidate Experience Manager/input_First name_fname' has attribute 'value' with value 'ThanhAutomation'

2022-05-30 17:51:32 - [MESSAGE][WARNING] - Timeout '0' is invalid. Using default page load timeout: '30'

2022-05-30 17:51:32 - [MESSAGE][PASSED] - Object 'Object Repository/Olivia_Default_ObjectPage/Page_Users  Candidate Experience Manager/input_First name_fname' has attribute 'value' with value 'ThanhAutomation'

2022-05-30 17:51:32 - [TEST_STEP][PASSED] - verifyElementAttributeValue(findTestObject("Object Repository/Olivia_Default_ObjectPage/Page_Users  Candidate Experience Manager/input_Last name_lname"), "value", lastname, 0): Object 'Object Repository/Olivia_Default_ObjectPage/Page_Users  Candidate Experience Manager/input_Last name_lname' has attribute 'value' with value '015'

2022-05-30 17:51:32 - [MESSAGE][WARNING] - Timeout '0' is invalid. Using default page load timeout: '30'

2022-05-30 17:51:32 - [MESSAGE][PASSED] - Object 'Object Repository/Olivia_Default_ObjectPage/Page_Users  Candidate Experience Manager/input_Last name_lname' has attribute 'value' with value '015'

2022-05-30 17:51:32 - [TEST_STEP][PASSED] - callTestCase(findTestCase("Olivia_Default/Delete User"), [:], STOP_ON_FAILURE): Call Test Case 'Test Cases/Olivia_Default/Delete User' successfully

2022-05-30 17:51:33 - [TEST_CASE][PASSED] - Test Cases/Olivia_Default/Delete User: Test Cases/Olivia_Default/Delete User

2022-05-30 17:51:33 - [TEST_STEP][PASSED] - click(findTestObject("Object Repository/Olivia_Default_ObjectPage/Page_Users  Candidate Experience Manager/button_Delete user")): Object: 'Object Repository/Olivia_Default_ObjectPage/Page_Users  Candidate Experience Manager/button_Delete user' is clicked on

2022-05-30 17:51:33 - [MESSAGE][PASSED] - Object: 'Object Repository/Olivia_Default_ObjectPage/Page_Users  Candidate Experience Manager/button_Delete user' is clicked on

2022-05-30 17:51:33 - [TEST_STEP][PASSED] - click(findTestObject("Object Repository/Olivia_Default_ObjectPage/Page_Users  Candidate Experience Manager/button_Yes")): Object: 'Object Repository/Olivia_Default_ObjectPage/Page_Users  Candidate Experience Manager/button_Yes' is clicked on

2022-05-30 17:51:33 - [MESSAGE][PASSED] - Object: 'Object Repository/Olivia_Default_ObjectPage/Page_Users  Candidate Experience Manager/button_Yes' is clicked on

2022-05-30 17:51:33 - [MESSAGE][PASSED] - Call Test Case 'Test Cases/Olivia_Default/Delete User' successfully

2022-05-30 17:51:33 - [TEST_STEP][PASSED] - closeBrowser(): Browser is closed

2022-05-30 17:51:34 - [MESSAGE][PASSED] - Browser is closed]]></system-out>
         <system-err><![CDATA[]]></system-err>
      </testcase>
      <testcase name="Test Cases/Olivia_Dynamic/Users Feed/TC001 - Add new user with any role" time="30.117" classname="Test Cases/Olivia_Dynamic/Users Feed/TC001 - Add new user with any role" status="PASSED">
         <system-out><![CDATA[2022-05-30 17:51:34 - [TEST_CASE][PASSED] - Test Cases/Olivia_Dynamic/Users Feed/TC001 - Add new user with any role: Test Cases/Olivia_Dynamic/Users Feed/TC001 - Add new user with any role

2022-05-30 17:51:34 - [TEST_STEP][PASSED] - callTestCase(findTestCase("Olivia_Default/Login"), [:], STOP_ON_FAILURE): Call Test Case 'Test Cases/Olivia_Default/Login' successfully

2022-05-30 17:51:34 - [TEST_CASE][PASSED] - Test Cases/Olivia_Default/Login: Test Cases/Olivia_Default/Login

2022-05-30 17:51:34 - [TEST_STEP][PASSED] - openBrowser(""): Browser is opened with url: ''

2022-05-30 17:51:34 - [MESSAGE][INFO] - Starting 'Chrome' driver

2022-05-30 17:51:34 - [MESSAGE][INFO] - Action delay is set to 0 milliseconds

2022-05-30 17:51:34 - [MESSAGE][PASSED] - Browser is opened with url: ''

2022-05-30 17:51:34 - [TEST_STEP][PASSED] - maximizeWindow(): Current window maximized

2022-05-30 17:51:34 - [MESSAGE][PASSED] - Current window maximized

2022-05-30 17:51:34 - [TEST_STEP][PASSED] - navigateToUrl("https://olivia.paradox.ai/login"): Navigate to 'https://olivia.paradox.ai/login' successfully

2022-05-30 17:51:36 - [MESSAGE][PASSED] - Navigate to 'https://olivia.paradox.ai/login' successfully

2022-05-30 17:51:36 - [TEST_STEP][PASSED] - click(findTestObject("Object Repository/Olivia_Default_ObjectPage/Page_Olivia By Paradox - CEM/i_Paradox_el-dialog__close el-icon el-icon-close")): Object: 'Object Repository/Olivia_Default_ObjectPage/Page_Olivia By Paradox - CEM/i_Paradox_el-dialog__close el-icon el-icon-close' is clicked on

2022-05-30 17:51:36 - [MESSAGE][PASSED] - Object: 'Object Repository/Olivia_Default_ObjectPage/Page_Olivia By Paradox - CEM/i_Paradox_el-dialog__close el-icon el-icon-close' is clicked on

2022-05-30 17:51:36 - [TEST_STEP][PASSED] - setText(findTestObject("Object Repository/Olivia_Default_ObjectPage/Page_Login/input_Phone number, email, or Employee ID_l_2fc3e1"), "thanh.duong+automation@paradox.ai"): Text 'thanh.duong+automation@paradox.ai' is set on object 'Object Repository/Olivia_Default_ObjectPage/Page_Login/input_Phone number, email, or Employee ID_l_2fc3e1'

2022-05-30 17:51:37 - [MESSAGE][PASSED] - Text 'thanh.duong+automation@paradox.ai' is set on object 'Object Repository/Olivia_Default_ObjectPage/Page_Login/input_Phone number, email, or Employee ID_l_2fc3e1'

2022-05-30 17:51:37 - [TEST_STEP][PASSED] - click(findTestObject("Object Repository/Olivia_Default_ObjectPage/Page_Login/button_Next")): Object: 'Object Repository/Olivia_Default_ObjectPage/Page_Login/button_Next' is clicked on

2022-05-30 17:51:37 - [MESSAGE][PASSED] - Object: 'Object Repository/Olivia_Default_ObjectPage/Page_Login/button_Next' is clicked on

2022-05-30 17:51:37 - [TEST_STEP][PASSED] - setEncryptedText(findTestObject("Object Repository/Olivia_Default_ObjectPage/Page_Login/input_Enter Password_el-input__inner"), "4nvbrPglk7k="): Text ****** has been set on object 'Object Repository/Olivia_Default_ObjectPage/Page_Login/input_Enter Password_el-input__inner'

2022-05-30 17:51:39 - [MESSAGE][PASSED] - Text ****** has been set on object 'Object Repository/Olivia_Default_ObjectPage/Page_Login/input_Enter Password_el-input__inner'

2022-05-30 17:51:39 - [TEST_STEP][PASSED] - click(findTestObject("Object Repository/Olivia_Default_ObjectPage/Page_Login/button_Sign in")): Object: 'Object Repository/Olivia_Default_ObjectPage/Page_Login/button_Sign in' is clicked on

2022-05-30 17:51:39 - [MESSAGE][PASSED] - Object: 'Object Repository/Olivia_Default_ObjectPage/Page_Login/button_Sign in' is clicked on

2022-05-30 17:51:39 - [MESSAGE][PASSED] - Call Test Case 'Test Cases/Olivia_Default/Login' successfully

2022-05-30 17:51:39 - [TEST_STEP][PASSED] - click(findTestObject("Object Repository/Olivia_Default_ObjectPage/Page_Inbox  Candidate Experience Manager/div_Menu")): Object: 'Object Repository/Olivia_Default_ObjectPage/Page_Inbox  Candidate Experience Manager/div_Menu' is clicked on

2022-05-30 17:51:42 - [MESSAGE][PASSED] - Object: 'Object Repository/Olivia_Default_ObjectPage/Page_Inbox  Candidate Experience Manager/div_Menu' is clicked on

2022-05-30 17:51:42 - [TEST_STEP][PASSED] - click(findTestObject("Object Repository/Olivia_Default_ObjectPage/Page_Inbox  Candidate Experience Manager/i_Menu_icon icon-settings")): Object: 'Object Repository/Olivia_Default_ObjectPage/Page_Inbox  Candidate Experience Manager/i_Menu_icon icon-settings' is clicked on

2022-05-30 17:51:43 - [MESSAGE][PASSED] - Object: 'Object Repository/Olivia_Default_ObjectPage/Page_Inbox  Candidate Experience Manager/i_Menu_icon icon-settings' is clicked on

2022-05-30 17:51:43 - [TEST_STEP][PASSED] - click(findTestObject("Object Repository/Olivia_Default_ObjectPage/Page_Inbox  Candidate Experience Manager/div_Users")): Object: 'Object Repository/Olivia_Default_ObjectPage/Page_Inbox  Candidate Experience Manager/div_Users' is clicked on

2022-05-30 17:51:46 - [MESSAGE][PASSED] - Object: 'Object Repository/Olivia_Default_ObjectPage/Page_Inbox  Candidate Experience Manager/div_Users' is clicked on

2022-05-30 17:51:46 - [TEST_STEP][PASSED] - click(findTestObject("Object Repository/Olivia_Default_ObjectPage/Page_Users  Candidate Experience Manager/i_Users_icon-plus")): Object: 'Object Repository/Olivia_Default_ObjectPage/Page_Users  Candidate Experience Manager/i_Users_icon-plus' is clicked on

2022-05-30 17:51:48 - [MESSAGE][PASSED] - Object: 'Object Repository/Olivia_Default_ObjectPage/Page_Users  Candidate Experience Manager/i_Users_icon-plus' is clicked on

2022-05-30 17:51:48 - [TEST_STEP][PASSED] - click(findTestObject("Object Repository/Olivia_Default_ObjectPage/Page_Users  Candidate Experience Manager/strong_Full User")): Object: 'Object Repository/Olivia_Default_ObjectPage/Page_Users  Candidate Experience Manager/strong_Full User' is clicked on

2022-05-30 17:51:49 - [MESSAGE][PASSED] - Object: 'Object Repository/Olivia_Default_ObjectPage/Page_Users  Candidate Experience Manager/strong_Full User' is clicked on

2022-05-30 17:51:49 - [TEST_STEP][PASSED] - click(findTestObject("Object Repository/Olivia_Default_ObjectPage/Page_Users  Candidate Experience Manager/button_Continue")): Object: 'Object Repository/Olivia_Default_ObjectPage/Page_Users  Candidate Experience Manager/button_Continue' is clicked on

2022-05-30 17:51:49 - [MESSAGE][PASSED] - Object: 'Object Repository/Olivia_Default_ObjectPage/Page_Users  Candidate Experience Manager/button_Continue' is clicked on

2022-05-30 17:51:49 - [TEST_STEP][PASSED] - selectOptionByValue(findTestObject("Object Repository/Olivia_Default_ObjectPage/Page_Users  Candidate Experience Manager/select_Company Admin  Full User - Edit Ever_daeaff"), role, true): All options with value '1' are selected in object 'Object Repository/Olivia_Default_ObjectPage/Page_Users  Candidate Experience Manager/select_Company Admin  Full User - Edit Ever_daeaff'  using regular expression

2022-05-30 17:51:51 - [MESSAGE][PASSED] - All options with value '1' are selected in object 'Object Repository/Olivia_Default_ObjectPage/Page_Users  Candidate Experience Manager/select_Company Admin  Full User - Edit Ever_daeaff'  using regular expression

2022-05-30 17:51:51 - [TEST_STEP][PASSED] - if (waitForElementVisible(findTestObject("Olivia_Default_ObjectPage/Page_Users  Candidate Experience Manager/input_Job title_job_title"), 3)): null

2022-05-30 17:51:51 - [MESSAGE][PASSED] - Object 'Object Repository/Olivia_Default_ObjectPage/Page_Users  Candidate Experience Manager/input_Job title_job_title' is visible

2022-05-30 17:51:51 - [TEST_STEP][PASSED] - setText(findTestObject("Olivia_Default_ObjectPage/Page_Users  Candidate Experience Manager/input_Job title_job_title"), job_title): Text 'Automation' is set on object 'Object Repository/Olivia_Default_ObjectPage/Page_Users  Candidate Experience Manager/input_Job title_job_title'

2022-05-30 17:51:52 - [MESSAGE][PASSED] - Text 'Automation' is set on object 'Object Repository/Olivia_Default_ObjectPage/Page_Users  Candidate Experience Manager/input_Job title_job_title'

2022-05-30 17:51:52 - [TEST_STEP][PASSED] - setText(findTestObject("Object Repository/Olivia_Default_ObjectPage/Page_Users  Candidate Experience Manager/input_First name_fname"), firstname): Text 'ThanhAutomation' is set on object 'Object Repository/Olivia_Default_ObjectPage/Page_Users  Candidate Experience Manager/input_First name_fname'

2022-05-30 17:51:53 - [MESSAGE][PASSED] - Text 'ThanhAutomation' is set on object 'Object Repository/Olivia_Default_ObjectPage/Page_Users  Candidate Experience Manager/input_First name_fname'

2022-05-30 17:51:53 - [TEST_STEP][PASSED] - setText(findTestObject("Object Repository/Olivia_Default_ObjectPage/Page_Users  Candidate Experience Manager/input_Last name_lname"), lastname): Text '016' is set on object 'Object Repository/Olivia_Default_ObjectPage/Page_Users  Candidate Experience Manager/input_Last name_lname'

2022-05-30 17:51:53 - [MESSAGE][PASSED] - Text '016' is set on object 'Object Repository/Olivia_Default_ObjectPage/Page_Users  Candidate Experience Manager/input_Last name_lname'

2022-05-30 17:51:53 - [TEST_STEP][PASSED] - setText(findTestObject("Object Repository/Olivia_Default_ObjectPage/Page_Users  Candidate Experience Manager/input_Email_email"), email): Text 'thanh.duong+ThanhAutomation016@paradox.ai' is set on object 'Object Repository/Olivia_Default_ObjectPage/Page_Users  Candidate Experience Manager/input_Email_email'

2022-05-30 17:51:54 - [MESSAGE][PASSED] - Text 'thanh.duong+ThanhAutomation016@paradox.ai' is set on object 'Object Repository/Olivia_Default_ObjectPage/Page_Users  Candidate Experience Manager/input_Email_email'

2022-05-30 17:51:54 - [TEST_STEP][PASSED] - selectOptionByValue(findTestObject("Object Repository/Olivia_Default_ObjectPage/Page_Users  Candidate Experience Manager/select_Select a country  United States  Can_7bdac2"), country, true): All options with value 'US' are selected in object 'Object Repository/Olivia_Default_ObjectPage/Page_Users  Candidate Experience Manager/select_Select a country  United States  Can_7bdac2'  using regular expression

2022-05-30 17:51:55 - [MESSAGE][PASSED] - All options with value 'US' are selected in object 'Object Repository/Olivia_Default_ObjectPage/Page_Users  Candidate Experience Manager/select_Select a country  United States  Can_7bdac2'  using regular expression

2022-05-30 17:51:55 - [TEST_STEP][PASSED] - click(findTestObject("Object Repository/Olivia_Default_ObjectPage/Page_Users  Candidate Experience Manager/button_Save")): Object: 'Object Repository/Olivia_Default_ObjectPage/Page_Users  Candidate Experience Manager/button_Save' is clicked on

2022-05-30 17:51:55 - [MESSAGE][PASSED] - Object: 'Object Repository/Olivia_Default_ObjectPage/Page_Users  Candidate Experience Manager/button_Save' is clicked on

2022-05-30 17:51:55 - [TEST_STEP][PASSED] - verifyElementText(findTestObject("Object Repository/Olivia_Default_ObjectPage/Page_Users  Candidate Experience Manager/strong_Selected card"), fullname): Actual text and expected text of test object 'Object Repository/Olivia_Default_ObjectPage/Page_Users  Candidate Experience Manager/strong_Selected card' are matched.

2022-05-30 17:52:01 - [MESSAGE][PASSED] - Actual text and expected text of test object 'Object Repository/Olivia_Default_ObjectPage/Page_Users  Candidate Experience Manager/strong_Selected card' are matched.

2022-05-30 17:52:01 - [TEST_STEP][PASSED] - verifyOptionSelectedByValue(findTestObject("Object Repository/Olivia_Default_ObjectPage/Page_Users  Candidate Experience Manager/select_Company Admin  Full User - Edit Ever_daeaff"), role, true, 10): All options with value '1' are selected in object 'Object Repository/Olivia_Default_ObjectPage/Page_Users  Candidate Experience Manager/select_Company Admin  Full User - Edit Ever_daeaff'  using regular expression

2022-05-30 17:52:02 - [MESSAGE][PASSED] - All options with value '1' are selected in object 'Object Repository/Olivia_Default_ObjectPage/Page_Users  Candidate Experience Manager/select_Company Admin  Full User - Edit Ever_daeaff'  using regular expression

2022-05-30 17:52:02 - [TEST_STEP][PASSED] - verifyElementAttributeValue(findTestObject("Object Repository/Olivia_Default_ObjectPage/Page_Users  Candidate Experience Manager/input_First name_fname"), "value", firstname, 0): Object 'Object Repository/Olivia_Default_ObjectPage/Page_Users  Candidate Experience Manager/input_First name_fname' has attribute 'value' with value 'ThanhAutomation'

2022-05-30 17:52:02 - [MESSAGE][WARNING] - Timeout '0' is invalid. Using default page load timeout: '30'

2022-05-30 17:52:02 - [MESSAGE][PASSED] - Object 'Object Repository/Olivia_Default_ObjectPage/Page_Users  Candidate Experience Manager/input_First name_fname' has attribute 'value' with value 'ThanhAutomation'

2022-05-30 17:52:02 - [TEST_STEP][PASSED] - verifyElementAttributeValue(findTestObject("Object Repository/Olivia_Default_ObjectPage/Page_Users  Candidate Experience Manager/input_Last name_lname"), "value", lastname, 0): Object 'Object Repository/Olivia_Default_ObjectPage/Page_Users  Candidate Experience Manager/input_Last name_lname' has attribute 'value' with value '016'

2022-05-30 17:52:02 - [MESSAGE][WARNING] - Timeout '0' is invalid. Using default page load timeout: '30'

2022-05-30 17:52:03 - [MESSAGE][PASSED] - Object 'Object Repository/Olivia_Default_ObjectPage/Page_Users  Candidate Experience Manager/input_Last name_lname' has attribute 'value' with value '016'

2022-05-30 17:52:03 - [TEST_STEP][PASSED] - callTestCase(findTestCase("Olivia_Default/Delete User"), [:], STOP_ON_FAILURE): Call Test Case 'Test Cases/Olivia_Default/Delete User' successfully

2022-05-30 17:52:03 - [TEST_CASE][PASSED] - Test Cases/Olivia_Default/Delete User: Test Cases/Olivia_Default/Delete User

2022-05-30 17:52:03 - [TEST_STEP][PASSED] - click(findTestObject("Object Repository/Olivia_Default_ObjectPage/Page_Users  Candidate Experience Manager/button_Delete user")): Object: 'Object Repository/Olivia_Default_ObjectPage/Page_Users  Candidate Experience Manager/button_Delete user' is clicked on

2022-05-30 17:52:03 - [MESSAGE][PASSED] - Object: 'Object Repository/Olivia_Default_ObjectPage/Page_Users  Candidate Experience Manager/button_Delete user' is clicked on

2022-05-30 17:52:03 - [TEST_STEP][PASSED] - click(findTestObject("Object Repository/Olivia_Default_ObjectPage/Page_Users  Candidate Experience Manager/button_Yes")): Object: 'Object Repository/Olivia_Default_ObjectPage/Page_Users  Candidate Experience Manager/button_Yes' is clicked on

2022-05-30 17:52:04 - [MESSAGE][PASSED] - Object: 'Object Repository/Olivia_Default_ObjectPage/Page_Users  Candidate Experience Manager/button_Yes' is clicked on

2022-05-30 17:52:04 - [MESSAGE][PASSED] - Call Test Case 'Test Cases/Olivia_Default/Delete User' successfully

2022-05-30 17:52:04 - [TEST_STEP][PASSED] - closeBrowser(): Browser is closed

2022-05-30 17:52:04 - [MESSAGE][PASSED] - Browser is closed]]></system-out>
         <system-err><![CDATA[]]></system-err>
      </testcase>
      <testcase name="Test Cases/Olivia_Dynamic/Users Feed/TC001 - Add new user with any role" time="30.603" classname="Test Cases/Olivia_Dynamic/Users Feed/TC001 - Add new user with any role" status="PASSED">
         <system-out><![CDATA[2022-05-30 17:52:04 - [TEST_CASE][PASSED] - Test Cases/Olivia_Dynamic/Users Feed/TC001 - Add new user with any role: Test Cases/Olivia_Dynamic/Users Feed/TC001 - Add new user with any role

2022-05-30 17:52:04 - [TEST_STEP][PASSED] - callTestCase(findTestCase("Olivia_Default/Login"), [:], STOP_ON_FAILURE): Call Test Case 'Test Cases/Olivia_Default/Login' successfully

2022-05-30 17:52:04 - [TEST_CASE][PASSED] - Test Cases/Olivia_Default/Login: Test Cases/Olivia_Default/Login

2022-05-30 17:52:04 - [TEST_STEP][PASSED] - openBrowser(""): Browser is opened with url: ''

2022-05-30 17:52:04 - [MESSAGE][INFO] - Starting 'Chrome' driver

2022-05-30 17:52:04 - [MESSAGE][INFO] - Action delay is set to 0 milliseconds

2022-05-30 17:52:04 - [MESSAGE][PASSED] - Browser is opened with url: ''

2022-05-30 17:52:04 - [TEST_STEP][PASSED] - maximizeWindow(): Current window maximized

2022-05-30 17:52:04 - [MESSAGE][PASSED] - Current window maximized

2022-05-30 17:52:04 - [TEST_STEP][PASSED] - navigateToUrl("https://olivia.paradox.ai/login"): Navigate to 'https://olivia.paradox.ai/login' successfully

2022-05-30 17:52:05 - [MESSAGE][PASSED] - Navigate to 'https://olivia.paradox.ai/login' successfully

2022-05-30 17:52:05 - [TEST_STEP][PASSED] - click(findTestObject("Object Repository/Olivia_Default_ObjectPage/Page_Olivia By Paradox - CEM/i_Paradox_el-dialog__close el-icon el-icon-close")): Object: 'Object Repository/Olivia_Default_ObjectPage/Page_Olivia By Paradox - CEM/i_Paradox_el-dialog__close el-icon el-icon-close' is clicked on

2022-05-30 17:52:05 - [MESSAGE][PASSED] - Object: 'Object Repository/Olivia_Default_ObjectPage/Page_Olivia By Paradox - CEM/i_Paradox_el-dialog__close el-icon el-icon-close' is clicked on

2022-05-30 17:52:05 - [TEST_STEP][PASSED] - setText(findTestObject("Object Repository/Olivia_Default_ObjectPage/Page_Login/input_Phone number, email, or Employee ID_l_2fc3e1"), "thanh.duong+automation@paradox.ai"): Text 'thanh.duong+automation@paradox.ai' is set on object 'Object Repository/Olivia_Default_ObjectPage/Page_Login/input_Phone number, email, or Employee ID_l_2fc3e1'

2022-05-30 17:52:06 - [MESSAGE][PASSED] - Text 'thanh.duong+automation@paradox.ai' is set on object 'Object Repository/Olivia_Default_ObjectPage/Page_Login/input_Phone number, email, or Employee ID_l_2fc3e1'

2022-05-30 17:52:06 - [TEST_STEP][PASSED] - click(findTestObject("Object Repository/Olivia_Default_ObjectPage/Page_Login/button_Next")): Object: 'Object Repository/Olivia_Default_ObjectPage/Page_Login/button_Next' is clicked on

2022-05-30 17:52:07 - [MESSAGE][PASSED] - Object: 'Object Repository/Olivia_Default_ObjectPage/Page_Login/button_Next' is clicked on

2022-05-30 17:52:07 - [TEST_STEP][PASSED] - setEncryptedText(findTestObject("Object Repository/Olivia_Default_ObjectPage/Page_Login/input_Enter Password_el-input__inner"), "4nvbrPglk7k="): Text ****** has been set on object 'Object Repository/Olivia_Default_ObjectPage/Page_Login/input_Enter Password_el-input__inner'

2022-05-30 17:52:09 - [MESSAGE][PASSED] - Text ****** has been set on object 'Object Repository/Olivia_Default_ObjectPage/Page_Login/input_Enter Password_el-input__inner'

2022-05-30 17:52:09 - [TEST_STEP][PASSED] - click(findTestObject("Object Repository/Olivia_Default_ObjectPage/Page_Login/button_Sign in")): Object: 'Object Repository/Olivia_Default_ObjectPage/Page_Login/button_Sign in' is clicked on

2022-05-30 17:52:09 - [MESSAGE][PASSED] - Object: 'Object Repository/Olivia_Default_ObjectPage/Page_Login/button_Sign in' is clicked on

2022-05-30 17:52:09 - [MESSAGE][PASSED] - Call Test Case 'Test Cases/Olivia_Default/Login' successfully

2022-05-30 17:52:09 - [TEST_STEP][PASSED] - click(findTestObject("Object Repository/Olivia_Default_ObjectPage/Page_Inbox  Candidate Experience Manager/div_Menu")): Object: 'Object Repository/Olivia_Default_ObjectPage/Page_Inbox  Candidate Experience Manager/div_Menu' is clicked on

2022-05-30 17:52:13 - [MESSAGE][PASSED] - Object: 'Object Repository/Olivia_Default_ObjectPage/Page_Inbox  Candidate Experience Manager/div_Menu' is clicked on

2022-05-30 17:52:13 - [TEST_STEP][PASSED] - click(findTestObject("Object Repository/Olivia_Default_ObjectPage/Page_Inbox  Candidate Experience Manager/i_Menu_icon icon-settings")): Object: 'Object Repository/Olivia_Default_ObjectPage/Page_Inbox  Candidate Experience Manager/i_Menu_icon icon-settings' is clicked on

2022-05-30 17:52:14 - [MESSAGE][PASSED] - Object: 'Object Repository/Olivia_Default_ObjectPage/Page_Inbox  Candidate Experience Manager/i_Menu_icon icon-settings' is clicked on

2022-05-30 17:52:14 - [TEST_STEP][PASSED] - click(findTestObject("Object Repository/Olivia_Default_ObjectPage/Page_Inbox  Candidate Experience Manager/div_Users")): Object: 'Object Repository/Olivia_Default_ObjectPage/Page_Inbox  Candidate Experience Manager/div_Users' is clicked on

2022-05-30 17:52:17 - [MESSAGE][PASSED] - Object: 'Object Repository/Olivia_Default_ObjectPage/Page_Inbox  Candidate Experience Manager/div_Users' is clicked on

2022-05-30 17:52:17 - [TEST_STEP][PASSED] - click(findTestObject("Object Repository/Olivia_Default_ObjectPage/Page_Users  Candidate Experience Manager/i_Users_icon-plus")): Object: 'Object Repository/Olivia_Default_ObjectPage/Page_Users  Candidate Experience Manager/i_Users_icon-plus' is clicked on

2022-05-30 17:52:19 - [MESSAGE][PASSED] - Object: 'Object Repository/Olivia_Default_ObjectPage/Page_Users  Candidate Experience Manager/i_Users_icon-plus' is clicked on

2022-05-30 17:52:19 - [TEST_STEP][PASSED] - click(findTestObject("Object Repository/Olivia_Default_ObjectPage/Page_Users  Candidate Experience Manager/strong_Full User")): Object: 'Object Repository/Olivia_Default_ObjectPage/Page_Users  Candidate Experience Manager/strong_Full User' is clicked on

2022-05-30 17:52:19 - [MESSAGE][PASSED] - Object: 'Object Repository/Olivia_Default_ObjectPage/Page_Users  Candidate Experience Manager/strong_Full User' is clicked on

2022-05-30 17:52:19 - [TEST_STEP][PASSED] - click(findTestObject("Object Repository/Olivia_Default_ObjectPage/Page_Users  Candidate Experience Manager/button_Continue")): Object: 'Object Repository/Olivia_Default_ObjectPage/Page_Users  Candidate Experience Manager/button_Continue' is clicked on

2022-05-30 17:52:20 - [MESSAGE][PASSED] - Object: 'Object Repository/Olivia_Default_ObjectPage/Page_Users  Candidate Experience Manager/button_Continue' is clicked on

2022-05-30 17:52:20 - [TEST_STEP][PASSED] - selectOptionByValue(findTestObject("Object Repository/Olivia_Default_ObjectPage/Page_Users  Candidate Experience Manager/select_Company Admin  Full User - Edit Ever_daeaff"), role, true): All options with value '2' are selected in object 'Object Repository/Olivia_Default_ObjectPage/Page_Users  Candidate Experience Manager/select_Company Admin  Full User - Edit Ever_daeaff'  using regular expression

2022-05-30 17:52:22 - [MESSAGE][PASSED] - All options with value '2' are selected in object 'Object Repository/Olivia_Default_ObjectPage/Page_Users  Candidate Experience Manager/select_Company Admin  Full User - Edit Ever_daeaff'  using regular expression

2022-05-30 17:52:22 - [TEST_STEP][PASSED] - if (waitForElementVisible(findTestObject("Olivia_Default_ObjectPage/Page_Users  Candidate Experience Manager/input_Job title_job_title"), 3)): null

2022-05-30 17:52:22 - [MESSAGE][PASSED] - Object 'Object Repository/Olivia_Default_ObjectPage/Page_Users  Candidate Experience Manager/input_Job title_job_title' is visible

2022-05-30 17:52:22 - [TEST_STEP][PASSED] - setText(findTestObject("Olivia_Default_ObjectPage/Page_Users  Candidate Experience Manager/input_Job title_job_title"), job_title): Text 'Automation' is set on object 'Object Repository/Olivia_Default_ObjectPage/Page_Users  Candidate Experience Manager/input_Job title_job_title'

2022-05-30 17:52:23 - [MESSAGE][PASSED] - Text 'Automation' is set on object 'Object Repository/Olivia_Default_ObjectPage/Page_Users  Candidate Experience Manager/input_Job title_job_title'

2022-05-30 17:52:23 - [TEST_STEP][PASSED] - setText(findTestObject("Object Repository/Olivia_Default_ObjectPage/Page_Users  Candidate Experience Manager/input_First name_fname"), firstname): Text 'ThanhAutomation' is set on object 'Object Repository/Olivia_Default_ObjectPage/Page_Users  Candidate Experience Manager/input_First name_fname'

2022-05-30 17:52:23 - [MESSAGE][PASSED] - Text 'ThanhAutomation' is set on object 'Object Repository/Olivia_Default_ObjectPage/Page_Users  Candidate Experience Manager/input_First name_fname'

2022-05-30 17:52:23 - [TEST_STEP][PASSED] - setText(findTestObject("Object Repository/Olivia_Default_ObjectPage/Page_Users  Candidate Experience Manager/input_Last name_lname"), lastname): Text '017' is set on object 'Object Repository/Olivia_Default_ObjectPage/Page_Users  Candidate Experience Manager/input_Last name_lname'

2022-05-30 17:52:24 - [MESSAGE][PASSED] - Text '017' is set on object 'Object Repository/Olivia_Default_ObjectPage/Page_Users  Candidate Experience Manager/input_Last name_lname'

2022-05-30 17:52:24 - [TEST_STEP][PASSED] - setText(findTestObject("Object Repository/Olivia_Default_ObjectPage/Page_Users  Candidate Experience Manager/input_Email_email"), email): Text 'thanh.duong+ThanhAutomation017@paradox.ai' is set on object 'Object Repository/Olivia_Default_ObjectPage/Page_Users  Candidate Experience Manager/input_Email_email'

2022-05-30 17:52:24 - [MESSAGE][PASSED] - Text 'thanh.duong+ThanhAutomation017@paradox.ai' is set on object 'Object Repository/Olivia_Default_ObjectPage/Page_Users  Candidate Experience Manager/input_Email_email'

2022-05-30 17:52:24 - [TEST_STEP][PASSED] - selectOptionByValue(findTestObject("Object Repository/Olivia_Default_ObjectPage/Page_Users  Candidate Experience Manager/select_Select a country  United States  Can_7bdac2"), country, true): All options with value 'US' are selected in object 'Object Repository/Olivia_Default_ObjectPage/Page_Users  Candidate Experience Manager/select_Select a country  United States  Can_7bdac2'  using regular expression

2022-05-30 17:52:26 - [MESSAGE][PASSED] - All options with value 'US' are selected in object 'Object Repository/Olivia_Default_ObjectPage/Page_Users  Candidate Experience Manager/select_Select a country  United States  Can_7bdac2'  using regular expression

2022-05-30 17:52:26 - [TEST_STEP][PASSED] - click(findTestObject("Object Repository/Olivia_Default_ObjectPage/Page_Users  Candidate Experience Manager/button_Save")): Object: 'Object Repository/Olivia_Default_ObjectPage/Page_Users  Candidate Experience Manager/button_Save' is clicked on

2022-05-30 17:52:26 - [MESSAGE][PASSED] - Object: 'Object Repository/Olivia_Default_ObjectPage/Page_Users  Candidate Experience Manager/button_Save' is clicked on

2022-05-30 17:52:26 - [TEST_STEP][PASSED] - verifyElementText(findTestObject("Object Repository/Olivia_Default_ObjectPage/Page_Users  Candidate Experience Manager/strong_Selected card"), fullname): Actual text and expected text of test object 'Object Repository/Olivia_Default_ObjectPage/Page_Users  Candidate Experience Manager/strong_Selected card' are matched.

2022-05-30 17:52:32 - [MESSAGE][PASSED] - Actual text and expected text of test object 'Object Repository/Olivia_Default_ObjectPage/Page_Users  Candidate Experience Manager/strong_Selected card' are matched.

2022-05-30 17:52:32 - [TEST_STEP][PASSED] - verifyOptionSelectedByValue(findTestObject("Object Repository/Olivia_Default_ObjectPage/Page_Users  Candidate Experience Manager/select_Company Admin  Full User - Edit Ever_daeaff"), role, true, 10): All options with value '2' are selected in object 'Object Repository/Olivia_Default_ObjectPage/Page_Users  Candidate Experience Manager/select_Company Admin  Full User - Edit Ever_daeaff'  using regular expression

2022-05-30 17:52:33 - [MESSAGE][PASSED] - All options with value '2' are selected in object 'Object Repository/Olivia_Default_ObjectPage/Page_Users  Candidate Experience Manager/select_Company Admin  Full User - Edit Ever_daeaff'  using regular expression

2022-05-30 17:52:33 - [TEST_STEP][PASSED] - verifyElementAttributeValue(findTestObject("Object Repository/Olivia_Default_ObjectPage/Page_Users  Candidate Experience Manager/input_First name_fname"), "value", firstname, 0): Object 'Object Repository/Olivia_Default_ObjectPage/Page_Users  Candidate Experience Manager/input_First name_fname' has attribute 'value' with value 'ThanhAutomation'

2022-05-30 17:52:33 - [MESSAGE][WARNING] - Timeout '0' is invalid. Using default page load timeout: '30'

2022-05-30 17:52:33 - [MESSAGE][PASSED] - Object 'Object Repository/Olivia_Default_ObjectPage/Page_Users  Candidate Experience Manager/input_First name_fname' has attribute 'value' with value 'ThanhAutomation'

2022-05-30 17:52:33 - [TEST_STEP][PASSED] - verifyElementAttributeValue(findTestObject("Object Repository/Olivia_Default_ObjectPage/Page_Users  Candidate Experience Manager/input_Last name_lname"), "value", lastname, 0): Object 'Object Repository/Olivia_Default_ObjectPage/Page_Users  Candidate Experience Manager/input_Last name_lname' has attribute 'value' with value '017'

2022-05-30 17:52:33 - [MESSAGE][WARNING] - Timeout '0' is invalid. Using default page load timeout: '30'

2022-05-30 17:52:33 - [MESSAGE][PASSED] - Object 'Object Repository/Olivia_Default_ObjectPage/Page_Users  Candidate Experience Manager/input_Last name_lname' has attribute 'value' with value '017'

2022-05-30 17:52:33 - [TEST_STEP][PASSED] - callTestCase(findTestCase("Olivia_Default/Delete User"), [:], STOP_ON_FAILURE): Call Test Case 'Test Cases/Olivia_Default/Delete User' successfully

2022-05-30 17:52:33 - [TEST_CASE][PASSED] - Test Cases/Olivia_Default/Delete User: Test Cases/Olivia_Default/Delete User

2022-05-30 17:52:33 - [TEST_STEP][PASSED] - click(findTestObject("Object Repository/Olivia_Default_ObjectPage/Page_Users  Candidate Experience Manager/button_Delete user")): Object: 'Object Repository/Olivia_Default_ObjectPage/Page_Users  Candidate Experience Manager/button_Delete user' is clicked on

2022-05-30 17:52:34 - [MESSAGE][PASSED] - Object: 'Object Repository/Olivia_Default_ObjectPage/Page_Users  Candidate Experience Manager/button_Delete user' is clicked on

2022-05-30 17:52:34 - [TEST_STEP][PASSED] - click(findTestObject("Object Repository/Olivia_Default_ObjectPage/Page_Users  Candidate Experience Manager/button_Yes")): Object: 'Object Repository/Olivia_Default_ObjectPage/Page_Users  Candidate Experience Manager/button_Yes' is clicked on

2022-05-30 17:52:34 - [MESSAGE][PASSED] - Object: 'Object Repository/Olivia_Default_ObjectPage/Page_Users  Candidate Experience Manager/button_Yes' is clicked on

2022-05-30 17:52:34 - [MESSAGE][PASSED] - Call Test Case 'Test Cases/Olivia_Default/Delete User' successfully

2022-05-30 17:52:34 - [TEST_STEP][PASSED] - closeBrowser(): Browser is closed

2022-05-30 17:52:34 - [MESSAGE][PASSED] - Browser is closed]]></system-out>
         <system-err><![CDATA[]]></system-err>
      </testcase>
      <testcase name="Test Cases/Olivia_Dynamic/Users Feed/TC001 - Add new user with any role" time="31.594" classname="Test Cases/Olivia_Dynamic/Users Feed/TC001 - Add new user with any role" status="PASSED">
         <system-out><![CDATA[2022-05-30 17:52:34 - [TEST_CASE][PASSED] - Test Cases/Olivia_Dynamic/Users Feed/TC001 - Add new user with any role: Test Cases/Olivia_Dynamic/Users Feed/TC001 - Add new user with any role

2022-05-30 17:52:34 - [TEST_STEP][PASSED] - callTestCase(findTestCase("Olivia_Default/Login"), [:], STOP_ON_FAILURE): Call Test Case 'Test Cases/Olivia_Default/Login' successfully

2022-05-30 17:52:34 - [TEST_CASE][PASSED] - Test Cases/Olivia_Default/Login: Test Cases/Olivia_Default/Login

2022-05-30 17:52:34 - [TEST_STEP][PASSED] - openBrowser(""): Browser is opened with url: ''

2022-05-30 17:52:34 - [MESSAGE][INFO] - Starting 'Chrome' driver

2022-05-30 17:52:34 - [MESSAGE][INFO] - Action delay is set to 0 milliseconds

2022-05-30 17:52:35 - [MESSAGE][PASSED] - Browser is opened with url: ''

2022-05-30 17:52:35 - [TEST_STEP][PASSED] - maximizeWindow(): Current window maximized

2022-05-30 17:52:35 - [MESSAGE][PASSED] - Current window maximized

2022-05-30 17:52:35 - [TEST_STEP][PASSED] - navigateToUrl("https://olivia.paradox.ai/login"): Navigate to 'https://olivia.paradox.ai/login' successfully

2022-05-30 17:52:36 - [MESSAGE][PASSED] - Navigate to 'https://olivia.paradox.ai/login' successfully

2022-05-30 17:52:36 - [TEST_STEP][PASSED] - click(findTestObject("Object Repository/Olivia_Default_ObjectPage/Page_Olivia By Paradox - CEM/i_Paradox_el-dialog__close el-icon el-icon-close")): Object: 'Object Repository/Olivia_Default_ObjectPage/Page_Olivia By Paradox - CEM/i_Paradox_el-dialog__close el-icon el-icon-close' is clicked on

2022-05-30 17:52:36 - [MESSAGE][PASSED] - Object: 'Object Repository/Olivia_Default_ObjectPage/Page_Olivia By Paradox - CEM/i_Paradox_el-dialog__close el-icon el-icon-close' is clicked on

2022-05-30 17:52:36 - [TEST_STEP][PASSED] - setText(findTestObject("Object Repository/Olivia_Default_ObjectPage/Page_Login/input_Phone number, email, or Employee ID_l_2fc3e1"), "thanh.duong+automation@paradox.ai"): Text 'thanh.duong+automation@paradox.ai' is set on object 'Object Repository/Olivia_Default_ObjectPage/Page_Login/input_Phone number, email, or Employee ID_l_2fc3e1'

2022-05-30 17:52:37 - [MESSAGE][PASSED] - Text 'thanh.duong+automation@paradox.ai' is set on object 'Object Repository/Olivia_Default_ObjectPage/Page_Login/input_Phone number, email, or Employee ID_l_2fc3e1'

2022-05-30 17:52:37 - [TEST_STEP][PASSED] - click(findTestObject("Object Repository/Olivia_Default_ObjectPage/Page_Login/button_Next")): Object: 'Object Repository/Olivia_Default_ObjectPage/Page_Login/button_Next' is clicked on

2022-05-30 17:52:37 - [MESSAGE][PASSED] - Object: 'Object Repository/Olivia_Default_ObjectPage/Page_Login/button_Next' is clicked on

2022-05-30 17:52:37 - [TEST_STEP][PASSED] - setEncryptedText(findTestObject("Object Repository/Olivia_Default_ObjectPage/Page_Login/input_Enter Password_el-input__inner"), "4nvbrPglk7k="): Text ****** has been set on object 'Object Repository/Olivia_Default_ObjectPage/Page_Login/input_Enter Password_el-input__inner'

2022-05-30 17:52:39 - [MESSAGE][PASSED] - Text ****** has been set on object 'Object Repository/Olivia_Default_ObjectPage/Page_Login/input_Enter Password_el-input__inner'

2022-05-30 17:52:39 - [TEST_STEP][PASSED] - click(findTestObject("Object Repository/Olivia_Default_ObjectPage/Page_Login/button_Sign in")): Object: 'Object Repository/Olivia_Default_ObjectPage/Page_Login/button_Sign in' is clicked on

2022-05-30 17:52:40 - [MESSAGE][PASSED] - Object: 'Object Repository/Olivia_Default_ObjectPage/Page_Login/button_Sign in' is clicked on

2022-05-30 17:52:40 - [MESSAGE][PASSED] - Call Test Case 'Test Cases/Olivia_Default/Login' successfully

2022-05-30 17:52:40 - [TEST_STEP][PASSED] - click(findTestObject("Object Repository/Olivia_Default_ObjectPage/Page_Inbox  Candidate Experience Manager/div_Menu")): Object: 'Object Repository/Olivia_Default_ObjectPage/Page_Inbox  Candidate Experience Manager/div_Menu' is clicked on

2022-05-30 17:52:44 - [MESSAGE][PASSED] - Object: 'Object Repository/Olivia_Default_ObjectPage/Page_Inbox  Candidate Experience Manager/div_Menu' is clicked on

2022-05-30 17:52:44 - [TEST_STEP][PASSED] - click(findTestObject("Object Repository/Olivia_Default_ObjectPage/Page_Inbox  Candidate Experience Manager/i_Menu_icon icon-settings")): Object: 'Object Repository/Olivia_Default_ObjectPage/Page_Inbox  Candidate Experience Manager/i_Menu_icon icon-settings' is clicked on

2022-05-30 17:52:44 - [MESSAGE][PASSED] - Object: 'Object Repository/Olivia_Default_ObjectPage/Page_Inbox  Candidate Experience Manager/i_Menu_icon icon-settings' is clicked on

2022-05-30 17:52:44 - [TEST_STEP][PASSED] - click(findTestObject("Object Repository/Olivia_Default_ObjectPage/Page_Inbox  Candidate Experience Manager/div_Users")): Object: 'Object Repository/Olivia_Default_ObjectPage/Page_Inbox  Candidate Experience Manager/div_Users' is clicked on

2022-05-30 17:52:47 - [MESSAGE][PASSED] - Object: 'Object Repository/Olivia_Default_ObjectPage/Page_Inbox  Candidate Experience Manager/div_Users' is clicked on

2022-05-30 17:52:47 - [TEST_STEP][PASSED] - click(findTestObject("Object Repository/Olivia_Default_ObjectPage/Page_Users  Candidate Experience Manager/i_Users_icon-plus")): Object: 'Object Repository/Olivia_Default_ObjectPage/Page_Users  Candidate Experience Manager/i_Users_icon-plus' is clicked on

2022-05-30 17:52:50 - [MESSAGE][PASSED] - Object: 'Object Repository/Olivia_Default_ObjectPage/Page_Users  Candidate Experience Manager/i_Users_icon-plus' is clicked on

2022-05-30 17:52:50 - [TEST_STEP][PASSED] - click(findTestObject("Object Repository/Olivia_Default_ObjectPage/Page_Users  Candidate Experience Manager/strong_Full User")): Object: 'Object Repository/Olivia_Default_ObjectPage/Page_Users  Candidate Experience Manager/strong_Full User' is clicked on

2022-05-30 17:52:50 - [MESSAGE][PASSED] - Object: 'Object Repository/Olivia_Default_ObjectPage/Page_Users  Candidate Experience Manager/strong_Full User' is clicked on

2022-05-30 17:52:50 - [TEST_STEP][PASSED] - click(findTestObject("Object Repository/Olivia_Default_ObjectPage/Page_Users  Candidate Experience Manager/button_Continue")): Object: 'Object Repository/Olivia_Default_ObjectPage/Page_Users  Candidate Experience Manager/button_Continue' is clicked on

2022-05-30 17:52:50 - [MESSAGE][PASSED] - Object: 'Object Repository/Olivia_Default_ObjectPage/Page_Users  Candidate Experience Manager/button_Continue' is clicked on

2022-05-30 17:52:50 - [TEST_STEP][PASSED] - selectOptionByValue(findTestObject("Object Repository/Olivia_Default_ObjectPage/Page_Users  Candidate Experience Manager/select_Company Admin  Full User - Edit Ever_daeaff"), role, true): All options with value '11' are selected in object 'Object Repository/Olivia_Default_ObjectPage/Page_Users  Candidate Experience Manager/select_Company Admin  Full User - Edit Ever_daeaff'  using regular expression

2022-05-30 17:52:53 - [MESSAGE][PASSED] - All options with value '11' are selected in object 'Object Repository/Olivia_Default_ObjectPage/Page_Users  Candidate Experience Manager/select_Company Admin  Full User - Edit Ever_daeaff'  using regular expression

2022-05-30 17:52:53 - [TEST_STEP][PASSED] - if (waitForElementVisible(findTestObject("Olivia_Default_ObjectPage/Page_Users  Candidate Experience Manager/input_Job title_job_title"), 3)): null

2022-05-30 17:52:53 - [MESSAGE][PASSED] - Object 'Object Repository/Olivia_Default_ObjectPage/Page_Users  Candidate Experience Manager/input_Job title_job_title' is visible

2022-05-30 17:52:53 - [TEST_STEP][PASSED] - setText(findTestObject("Olivia_Default_ObjectPage/Page_Users  Candidate Experience Manager/input_Job title_job_title"), job_title): Text 'Automation' is set on object 'Object Repository/Olivia_Default_ObjectPage/Page_Users  Candidate Experience Manager/input_Job title_job_title'

2022-05-30 17:52:54 - [MESSAGE][PASSED] - Text 'Automation' is set on object 'Object Repository/Olivia_Default_ObjectPage/Page_Users  Candidate Experience Manager/input_Job title_job_title'

2022-05-30 17:52:54 - [TEST_STEP][PASSED] - setText(findTestObject("Object Repository/Olivia_Default_ObjectPage/Page_Users  Candidate Experience Manager/input_First name_fname"), firstname): Text 'ThanhAutomation' is set on object 'Object Repository/Olivia_Default_ObjectPage/Page_Users  Candidate Experience Manager/input_First name_fname'

2022-05-30 17:52:54 - [MESSAGE][PASSED] - Text 'ThanhAutomation' is set on object 'Object Repository/Olivia_Default_ObjectPage/Page_Users  Candidate Experience Manager/input_First name_fname'

2022-05-30 17:52:54 - [TEST_STEP][PASSED] - setText(findTestObject("Object Repository/Olivia_Default_ObjectPage/Page_Users  Candidate Experience Manager/input_Last name_lname"), lastname): Text '018' is set on object 'Object Repository/Olivia_Default_ObjectPage/Page_Users  Candidate Experience Manager/input_Last name_lname'

2022-05-30 17:52:55 - [MESSAGE][PASSED] - Text '018' is set on object 'Object Repository/Olivia_Default_ObjectPage/Page_Users  Candidate Experience Manager/input_Last name_lname'

2022-05-30 17:52:55 - [TEST_STEP][PASSED] - setText(findTestObject("Object Repository/Olivia_Default_ObjectPage/Page_Users  Candidate Experience Manager/input_Email_email"), email): Text 'thanh.duong+ThanhAutomation018@paradox.ai' is set on object 'Object Repository/Olivia_Default_ObjectPage/Page_Users  Candidate Experience Manager/input_Email_email'

2022-05-30 17:52:55 - [MESSAGE][PASSED] - Text 'thanh.duong+ThanhAutomation018@paradox.ai' is set on object 'Object Repository/Olivia_Default_ObjectPage/Page_Users  Candidate Experience Manager/input_Email_email'

2022-05-30 17:52:55 - [TEST_STEP][PASSED] - selectOptionByValue(findTestObject("Object Repository/Olivia_Default_ObjectPage/Page_Users  Candidate Experience Manager/select_Select a country  United States  Can_7bdac2"), country, true): All options with value 'US' are selected in object 'Object Repository/Olivia_Default_ObjectPage/Page_Users  Candidate Experience Manager/select_Select a country  United States  Can_7bdac2'  using regular expression

2022-05-30 17:52:57 - [MESSAGE][PASSED] - All options with value 'US' are selected in object 'Object Repository/Olivia_Default_ObjectPage/Page_Users  Candidate Experience Manager/select_Select a country  United States  Can_7bdac2'  using regular expression

2022-05-30 17:52:57 - [TEST_STEP][PASSED] - click(findTestObject("Object Repository/Olivia_Default_ObjectPage/Page_Users  Candidate Experience Manager/button_Save")): Object: 'Object Repository/Olivia_Default_ObjectPage/Page_Users  Candidate Experience Manager/button_Save' is clicked on

2022-05-30 17:52:57 - [MESSAGE][PASSED] - Object: 'Object Repository/Olivia_Default_ObjectPage/Page_Users  Candidate Experience Manager/button_Save' is clicked on

2022-05-30 17:52:57 - [TEST_STEP][PASSED] - verifyElementText(findTestObject("Object Repository/Olivia_Default_ObjectPage/Page_Users  Candidate Experience Manager/strong_Selected card"), fullname): Actual text and expected text of test object 'Object Repository/Olivia_Default_ObjectPage/Page_Users  Candidate Experience Manager/strong_Selected card' are matched.

2022-05-30 17:53:03 - [MESSAGE][PASSED] - Actual text and expected text of test object 'Object Repository/Olivia_Default_ObjectPage/Page_Users  Candidate Experience Manager/strong_Selected card' are matched.

2022-05-30 17:53:03 - [TEST_STEP][PASSED] - verifyOptionSelectedByValue(findTestObject("Object Repository/Olivia_Default_ObjectPage/Page_Users  Candidate Experience Manager/select_Company Admin  Full User - Edit Ever_daeaff"), role, true, 10): All options with value '11' are selected in object 'Object Repository/Olivia_Default_ObjectPage/Page_Users  Candidate Experience Manager/select_Company Admin  Full User - Edit Ever_daeaff'  using regular expression

2022-05-30 17:53:04 - [MESSAGE][PASSED] - All options with value '11' are selected in object 'Object Repository/Olivia_Default_ObjectPage/Page_Users  Candidate Experience Manager/select_Company Admin  Full User - Edit Ever_daeaff'  using regular expression

2022-05-30 17:53:04 - [TEST_STEP][PASSED] - verifyElementAttributeValue(findTestObject("Object Repository/Olivia_Default_ObjectPage/Page_Users  Candidate Experience Manager/input_First name_fname"), "value", firstname, 0): Object 'Object Repository/Olivia_Default_ObjectPage/Page_Users  Candidate Experience Manager/input_First name_fname' has attribute 'value' with value 'ThanhAutomation'

2022-05-30 17:53:04 - [MESSAGE][WARNING] - Timeout '0' is invalid. Using default page load timeout: '30'

2022-05-30 17:53:05 - [MESSAGE][PASSED] - Object 'Object Repository/Olivia_Default_ObjectPage/Page_Users  Candidate Experience Manager/input_First name_fname' has attribute 'value' with value 'ThanhAutomation'

2022-05-30 17:53:05 - [TEST_STEP][PASSED] - verifyElementAttributeValue(findTestObject("Object Repository/Olivia_Default_ObjectPage/Page_Users  Candidate Experience Manager/input_Last name_lname"), "value", lastname, 0): Object 'Object Repository/Olivia_Default_ObjectPage/Page_Users  Candidate Experience Manager/input_Last name_lname' has attribute 'value' with value '018'

2022-05-30 17:53:05 - [MESSAGE][WARNING] - Timeout '0' is invalid. Using default page load timeout: '30'

2022-05-30 17:53:05 - [MESSAGE][PASSED] - Object 'Object Repository/Olivia_Default_ObjectPage/Page_Users  Candidate Experience Manager/input_Last name_lname' has attribute 'value' with value '018'

2022-05-30 17:53:05 - [TEST_STEP][PASSED] - callTestCase(findTestCase("Olivia_Default/Delete User"), [:], STOP_ON_FAILURE): Call Test Case 'Test Cases/Olivia_Default/Delete User' successfully

2022-05-30 17:53:05 - [TEST_CASE][PASSED] - Test Cases/Olivia_Default/Delete User: Test Cases/Olivia_Default/Delete User

2022-05-30 17:53:05 - [TEST_STEP][PASSED] - click(findTestObject("Object Repository/Olivia_Default_ObjectPage/Page_Users  Candidate Experience Manager/button_Delete user")): Object: 'Object Repository/Olivia_Default_ObjectPage/Page_Users  Candidate Experience Manager/button_Delete user' is clicked on

2022-05-30 17:53:05 - [MESSAGE][PASSED] - Object: 'Object Repository/Olivia_Default_ObjectPage/Page_Users  Candidate Experience Manager/button_Delete user' is clicked on

2022-05-30 17:53:05 - [TEST_STEP][PASSED] - click(findTestObject("Object Repository/Olivia_Default_ObjectPage/Page_Users  Candidate Experience Manager/button_Yes")): Object: 'Object Repository/Olivia_Default_ObjectPage/Page_Users  Candidate Experience Manager/button_Yes' is clicked on

2022-05-30 17:53:06 - [MESSAGE][PASSED] - Object: 'Object Repository/Olivia_Default_ObjectPage/Page_Users  Candidate Experience Manager/button_Yes' is clicked on

2022-05-30 17:53:06 - [MESSAGE][PASSED] - Call Test Case 'Test Cases/Olivia_Default/Delete User' successfully

2022-05-30 17:53:06 - [TEST_STEP][PASSED] - closeBrowser(): Browser is closed

2022-05-30 17:53:06 - [MESSAGE][PASSED] - Browser is closed]]></system-out>
         <system-err><![CDATA[]]></system-err>
      </testcase>
      <system-out><![CDATA[2022-05-30 17:50:24 - [TEST_SUITE][PASSED] - Users Page: Test Cases/Olivia_Dynamic/Users Feed/TC001 - Add new user with any role]]></system-out>
      <system-err><![CDATA[]]></system-err>
   </testsuite>
</testsuites>
