<?xml version="1.0" encoding="UTF-8"?>
<testsuites name="Main Functions test" time="15.43" tests="2" failures="0" errors="0">
   <testsuite name="Main Functions test" tests="2" failures="0" errors="0" time="15.43" skipped="0" timestamp="2022-05-19 14:03:26" hostname="thanh - desktop-linux-thanhduong" id="Test Suites/Main Functions test">
      <properties>
         <property name="deviceName" value=""/>
         <property name="devicePlatform" value=""/>
         <property name="logFolder" value="/home/thanh/git/Katalon/Reports/20220519_140324/Main Functions test/20220519_140325"/>
         <property name="logFiles" value="/home/thanh/git/Katalon/Reports/20220519_140324/Main Functions test/20220519_140325/execution0.log"/>
         <property name="attachments" value=""/>
         <property name="hostName" value="thanh - desktop-linux-thanhduong"/>
         <property name="os" value="Linux 64bit"/>
         <property name="katalonVersion" value="8.3.0.208"/>
         <property name="browser" value="Chrome 100.0.4896.60"/>
         <property name="hostAddress" value="192.168.10.133"/>
         <property name="sessionId" value="ac237c41e368f84b30d6a07b63a9ff0d"/>
         <property name="seleniumVersion" value="3.141.59"/>
         <property name="proxyInformation" value="ProxyInformation { proxyOption=NO_PROXY, proxyServerType=HTTP, username=, password=********, proxyServerAddress=, proxyServerPort=0, executionList=&quot;&quot;, isApplyToDesiredCapabilities=true }"/>
         <property name="platform" value="Linux"/>
      </properties>
      <testcase name="Test Cases/T002 - Verify users can log out" time="9.26" classname="Test Cases/T002 - Verify users can log out" status="PASSED">
         <system-out><![CDATA[2022-05-19 14:03:26 - [TEST_CASE][PASSED] - Test Cases/T002 - Verify users can log out: Test Cases/T002 - Verify users can log out

2022-05-19 14:03:26 - [TEST_STEP][PASSED] - openBrowser(""): Browser is opened with url: ''

2022-05-19 14:03:26 - [MESSAGE][INFO] - Starting 'Chrome' driver

2022-05-19 14:03:26 - [MESSAGE][INFO] - Action delay is set to 0 milliseconds

2022-05-19 14:03:27 - [MESSAGE][PASSED] - Browser is opened with url: ''

2022-05-19 14:03:27 - [TEST_STEP][PASSED] - maximizeWindow(): Current window maximized

2022-05-19 14:03:27 - [MESSAGE][PASSED] - Current window maximized

2022-05-19 14:03:27 - [TEST_STEP][PASSED] - navigateToUrl("https://katalon-demo-cura.herokuapp.com/"): Navigate to 'https://katalon-demo-cura.herokuapp.com/' successfully

2022-05-19 14:03:31 - [MESSAGE][PASSED] - Navigate to 'https://katalon-demo-cura.herokuapp.com/' successfully

2022-05-19 14:03:31 - [TEST_STEP][PASSED] - click(findTestObject("Object Repository/Page_CURA Healthcare Service/a_Make Appointment")): Object: 'Object Repository/Page_CURA Healthcare Service/a_Make Appointment' is clicked on

2022-05-19 14:03:32 - [MESSAGE][PASSED] - Object: 'Object Repository/Page_CURA Healthcare Service/a_Make Appointment' is clicked on

2022-05-19 14:03:32 - [TEST_STEP][PASSED] - setText(findTestObject("Object Repository/Page_CURA Healthcare Service/input_Username_username"), "John Doe"): Text 'John Doe' is set on object 'Object Repository/Page_CURA Healthcare Service/input_Username_username'

2022-05-19 14:03:32 - [MESSAGE][PASSED] - Text 'John Doe' is set on object 'Object Repository/Page_CURA Healthcare Service/input_Username_username'

2022-05-19 14:03:32 - [TEST_STEP][PASSED] - setEncryptedText(findTestObject("Object Repository/Page_CURA Healthcare Service/input_Password_password"), "g3/DOGG74jC3Flrr3yH+3D/yKbOqqUNM"): Text ****** has been set on object 'Object Repository/Page_CURA Healthcare Service/input_Password_password'

2022-05-19 14:03:33 - [MESSAGE][PASSED] - Text ****** has been set on object 'Object Repository/Page_CURA Healthcare Service/input_Password_password'

2022-05-19 14:03:33 - [TEST_STEP][PASSED] - click(findTestObject("Object Repository/Page_CURA Healthcare Service/button_Login")): Object: 'Object Repository/Page_CURA Healthcare Service/button_Login' is clicked on

2022-05-19 14:03:34 - [MESSAGE][PASSED] - Object: 'Object Repository/Page_CURA Healthcare Service/button_Login' is clicked on

2022-05-19 14:03:34 - [TEST_STEP][PASSED] - click(findTestObject("Object Repository/Page_CURA Healthcare Service/i_CURA Healthcare_fa fa-bars")): Object: 'Object Repository/Page_CURA Healthcare Service/i_CURA Healthcare_fa fa-bars' is clicked on

2022-05-19 14:03:34 - [MESSAGE][PASSED] - Object: 'Object Repository/Page_CURA Healthcare Service/i_CURA Healthcare_fa fa-bars' is clicked on

2022-05-19 14:03:34 - [TEST_STEP][PASSED] - click(findTestObject("Object Repository/Page_CURA Healthcare Service/a_Logout")): Object: 'Object Repository/Page_CURA Healthcare Service/a_Logout' is clicked on

2022-05-19 14:03:35 - [MESSAGE][PASSED] - Object: 'Object Repository/Page_CURA Healthcare Service/a_Logout' is clicked on

2022-05-19 14:03:35 - [TEST_STEP][PASSED] - verifyElementText(findTestObject("Object Repository/Page_CURA Healthcare Service/h1_CURA Healthcare Service"), "CURA Healthcare Service"): Actual text and expected text of test object 'Object Repository/Page_CURA Healthcare Service/h1_CURA Healthcare Service' are matched.

2022-05-19 14:03:35 - [MESSAGE][PASSED] - Actual text and expected text of test object 'Object Repository/Page_CURA Healthcare Service/h1_CURA Healthcare Service' are matched.

2022-05-19 14:03:35 - [TEST_STEP][PASSED] - closeBrowser(): Browser is closed

2022-05-19 14:03:35 - [MESSAGE][PASSED] - Browser is closed]]></system-out>
         <system-err><![CDATA[]]></system-err>
      </testcase>
      <testcase name="Test Cases/T001 - Verify users can log in" time="6.066" classname="Test Cases/T001 - Verify users can log in" status="PASSED">
         <system-out><![CDATA[2022-05-19 14:03:35 - [TEST_CASE][PASSED] - Test Cases/T001 - Verify users can log in: Test Cases/T001 - Verify users can log in

2022-05-19 14:03:35 - [TEST_STEP][PASSED] - openBrowser(""): Browser is opened with url: ''

2022-05-19 14:03:35 - [MESSAGE][INFO] - Starting 'Chrome' driver

2022-05-19 14:03:35 - [MESSAGE][INFO] - Action delay is set to 0 milliseconds

2022-05-19 14:03:36 - [MESSAGE][PASSED] - Browser is opened with url: ''

2022-05-19 14:03:36 - [TEST_STEP][PASSED] - maximizeWindow(): Current window maximized

2022-05-19 14:03:36 - [MESSAGE][PASSED] - Current window maximized

2022-05-19 14:03:36 - [TEST_STEP][PASSED] - navigateToUrl("https://katalon-demo-cura.herokuapp.com/"): Navigate to 'https://katalon-demo-cura.herokuapp.com/' successfully

2022-05-19 14:03:38 - [MESSAGE][PASSED] - Navigate to 'https://katalon-demo-cura.herokuapp.com/' successfully

2022-05-19 14:03:38 - [TEST_STEP][PASSED] - click(findTestObject("Object Repository/Page_CURA Healthcare Service/a_Make Appointment")): Object: 'Object Repository/Page_CURA Healthcare Service/a_Make Appointment' is clicked on

2022-05-19 14:03:39 - [MESSAGE][PASSED] - Object: 'Object Repository/Page_CURA Healthcare Service/a_Make Appointment' is clicked on

2022-05-19 14:03:39 - [TEST_STEP][PASSED] - setText(findTestObject("Object Repository/Page_CURA Healthcare Service/input_Username_username"), "John Doe"): Text 'John Doe' is set on object 'Object Repository/Page_CURA Healthcare Service/input_Username_username'

2022-05-19 14:03:40 - [MESSAGE][PASSED] - Text 'John Doe' is set on object 'Object Repository/Page_CURA Healthcare Service/input_Username_username'

2022-05-19 14:03:40 - [TEST_STEP][PASSED] - setEncryptedText(findTestObject("Object Repository/Page_CURA Healthcare Service/input_Password_password"), "g3/DOGG74jC3Flrr3yH+3D/yKbOqqUNM"): Text ****** has been set on object 'Object Repository/Page_CURA Healthcare Service/input_Password_password'

2022-05-19 14:03:40 - [MESSAGE][PASSED] - Text ****** has been set on object 'Object Repository/Page_CURA Healthcare Service/input_Password_password'

2022-05-19 14:03:40 - [TEST_STEP][PASSED] - click(findTestObject("Object Repository/Page_CURA Healthcare Service/button_Login")): Object: 'Object Repository/Page_CURA Healthcare Service/button_Login' is clicked on

2022-05-19 14:03:41 - [MESSAGE][PASSED] - Object: 'Object Repository/Page_CURA Healthcare Service/button_Login' is clicked on

2022-05-19 14:03:41 - [TEST_STEP][PASSED] - verifyElementText(findTestObject("Object Repository/Page_CURA Healthcare Service/h2_Make Appointment"), "Make Appointment"): Actual text and expected text of test object 'Object Repository/Page_CURA Healthcare Service/h2_Make Appointment' are matched.

2022-05-19 14:03:41 - [MESSAGE][PASSED] - Actual text and expected text of test object 'Object Repository/Page_CURA Healthcare Service/h2_Make Appointment' are matched.

2022-05-19 14:03:41 - [TEST_STEP][PASSED] - closeBrowser(): Browser is closed

2022-05-19 14:03:41 - [MESSAGE][PASSED] - Browser is closed]]></system-out>
         <system-err><![CDATA[]]></system-err>
      </testcase>
      <system-out><![CDATA[2022-05-19 14:03:26 - [TEST_SUITE][PASSED] - Main Functions test: Test Cases/T001 - Verify users can log in]]></system-out>
      <system-err><![CDATA[]]></system-err>
   </testsuite>
</testsuites>
